[2026-03-10 17:12:41] Starting step: Setup directories
[2026-03-10 17:12:41] Completed step: Setup directories
[2026-03-10 17:12:41] Starting step: Ingestion - consorcio datasets
[2026-03-10 17:12:45] ERROR in Ingestion - consorcio datasets: HTTP 404 Not Found.
[2026-03-10 17:29:06] Downloading CKAN dataset from: https://api.bcb.gov.br/dados/serie/bcdata.sgs.27459/dados?formato=csv
[2026-03-10 17:29:07] Downloading CKAN dataset from: https://api.bcb.gov.br/dados/serie/bcdata.sgs.27487/dados?formato=csv
[2026-03-10 17:29:08] Downloading CKAN dataset from: https://api.bcb.gov.br/dados/serie/bcdata.sgs.27488/dados?formato=csv
[2026-03-13 13:44:15] Starting step: Setup directories
[2026-03-13 13:44:15] Completed step: Setup directories
[2026-03-13 13:44:15] Starting step: Ingestion - consorcio datasets
[2026-03-13 13:44:15] Downloading CKAN dataset from: https://api.bcb.gov.br/dados/serie/bcdata.sgs.27459/dados?formato=csv
[2026-03-13 13:44:16] Downloading CKAN dataset from: https://api.bcb.gov.br/dados/serie/bcdata.sgs.27487/dados?formato=csv
[2026-03-13 13:44:17] Downloading CKAN dataset from: https://api.bcb.gov.br/dados/serie/bcdata.sgs.27488/dados?formato=csv
[2026-03-13 13:44:17] Completed step: Ingestion - consorcio datasets
[2026-03-13 13:44:17] Starting step: Ingestion - credit (SGS monthly)
[2026-03-13 13:44:21] Completed step: Ingestion - credit (SGS monthly)
[2026-03-13 13:44:21] Starting step: Ingestion - SIDRA IPCA
[2026-03-13 13:44:22] Completed step: Ingestion - SIDRA IPCA
[2026-03-13 13:44:22] Starting step: Ingestion - manual panorama template
[2026-03-13 13:44:22] Completed step: Ingestion - manual panorama template
[2026-03-13 13:44:22] Starting step: Processing - consorcio
[2026-03-13 13:44:23] ERROR in Processing - consorcio: In argument: `date = parse_standard_date(df_raw)`.
[2026-03-13 13:45:17] Starting step: Setup directories
[2026-03-13 13:45:17] Completed step: Setup directories
[2026-03-13 13:45:17] Starting step: Ingestion - consorcio datasets
[2026-03-13 13:45:17] Downloading CKAN dataset from: https://api.bcb.gov.br/dados/serie/bcdata.sgs.27459/dados?formato=csv
[2026-03-13 13:45:18] Downloading CKAN dataset from: https://api.bcb.gov.br/dados/serie/bcdata.sgs.27487/dados?formato=csv
[2026-03-13 13:45:18] Downloading CKAN dataset from: https://api.bcb.gov.br/dados/serie/bcdata.sgs.27488/dados?formato=csv
[2026-03-13 13:45:19] Completed step: Ingestion - consorcio datasets
[2026-03-13 13:45:19] Starting step: Ingestion - credit (SGS monthly)
[2026-03-13 13:45:21] Completed step: Ingestion - credit (SGS monthly)
[2026-03-13 13:45:21] Starting step: Ingestion - SIDRA IPCA
[2026-03-13 13:45:23] Completed step: Ingestion - SIDRA IPCA
[2026-03-13 13:45:23] Starting step: Ingestion - manual panorama template
[2026-03-13 13:45:23] Completed step: Ingestion - manual panorama template
[2026-03-13 13:45:23] Starting step: Processing - consorcio
[2026-03-13 13:45:23] ERROR in Processing - consorcio: In argument: `date = parse_standard_date(df_raw)`.
[2026-03-13 13:45:41] Starting step: Setup directories
[2026-03-13 13:45:41] Completed step: Setup directories
[2026-03-13 13:45:41] Starting step: Ingestion - consorcio datasets
[2026-03-13 13:45:42] Downloading CKAN dataset from: https://api.bcb.gov.br/dados/serie/bcdata.sgs.27459/dados?formato=csv
[2026-03-13 13:45:42] Downloading CKAN dataset from: https://api.bcb.gov.br/dados/serie/bcdata.sgs.27487/dados?formato=csv
[2026-03-13 13:45:43] Downloading CKAN dataset from: https://api.bcb.gov.br/dados/serie/bcdata.sgs.27488/dados?formato=csv
[2026-03-13 13:45:43] Completed step: Ingestion - consorcio datasets
[2026-03-13 13:45:43] Starting step: Ingestion - credit (SGS monthly)
[2026-03-13 13:45:46] Completed step: Ingestion - credit (SGS monthly)
[2026-03-13 13:45:46] Starting step: Ingestion - SIDRA IPCA
[2026-03-13 13:45:47] Completed step: Ingestion - SIDRA IPCA
[2026-03-13 13:45:47] Starting step: Ingestion - manual panorama template
[2026-03-13 13:45:47] Completed step: Ingestion - manual panorama template
[2026-03-13 13:45:47] Starting step: Processing - consorcio
[2026-03-13 13:45:47] ERROR in Processing - consorcio: In argument: `date = parse_standard_date(df_raw)`.
[2026-03-13 13:50:50] Starting step: Setup directories
[2026-03-13 13:50:50] Completed step: Setup directories
[2026-03-13 13:50:50] Starting step: Ingestion - consorcio datasets
[2026-03-13 13:50:51] Downloading CKAN dataset from: https://api.bcb.gov.br/dados/serie/bcdata.sgs.27459/dados?formato=csv
[2026-03-13 13:50:52] Downloading CKAN dataset from: https://api.bcb.gov.br/dados/serie/bcdata.sgs.27487/dados?formato=csv
[2026-03-13 13:50:53] Downloading CKAN dataset from: https://api.bcb.gov.br/dados/serie/bcdata.sgs.27488/dados?formato=csv
[2026-03-13 13:50:53] Completed step: Ingestion - consorcio datasets
[2026-03-13 13:50:53] Starting step: Ingestion - credit (SGS monthly)
[2026-03-13 13:50:56] Completed step: Ingestion - credit (SGS monthly)
[2026-03-13 13:50:56] Starting step: Ingestion - SIDRA IPCA
[2026-03-13 13:50:57] Completed step: Ingestion - SIDRA IPCA
[2026-03-13 13:50:57] Starting step: Ingestion - manual panorama template
[2026-03-13 13:50:57] Completed step: Ingestion - manual panorama template
[2026-03-13 13:50:57] Starting step: Processing - consorcio
[2026-03-13 13:50:58] [active_quotas] Using value column: valor
[2026-03-13 13:50:58] [excluded_quotas] Using value column: valor
[2026-03-13 13:50:58] [exclusion_index] Using value column: valor
[2026-03-13 13:50:58] Completed step: Processing - consorcio
[2026-03-13 13:50:58] Starting step: Processing - credit (selic optional)
[2026-03-13 13:50:58] Completed step: Processing - credit (selic optional)
[2026-03-13 13:50:58] Starting step: Processing - IPCA
[2026-03-13 13:50:58] Completed step: Processing - IPCA
[2026-03-13 13:50:58] Starting step: Processing - manual panorama
[2026-03-13 13:50:58] Completed step: Processing - manual panorama
[2026-03-13 13:50:58] Starting step: Transformation - annual consorcio summary
[2026-03-13 13:50:58] [active_quotas] Rows after annual aggregation: 14
[2026-03-13 13:50:58] [active_quotas] Columns available: Year, ActiveQuotas
[2026-03-13 13:50:58] [active_quotas] NA count - Year: 0 | ActiveQuotas: 0
[2026-03-13 13:50:58] [exclusion_index] Rows after annual aggregation: 8
[2026-03-13 13:50:58] [exclusion_index] Columns available: Year, ExclusionRate
[2026-03-13 13:50:58] [exclusion_index] NA count - Year: 0 | ExclusionRate: 0
[2026-03-13 13:50:58] Completed step: Transformation - annual consorcio summary
[2026-03-13 13:50:58] Starting step: Transformation - monthly credit parameters
[2026-03-13 13:50:58] Completed step: Transformation - monthly credit parameters
[2026-03-13 13:50:58] Starting step: Transformation - macro parameters
[2026-03-13 13:50:58] Completed step: Transformation - macro parameters
[2026-03-13 13:50:58] Starting step: Simulation
[2026-03-13 13:50:58] Completed step: Simulation
[2026-03-13 13:50:58] Starting step: Storage - processed tables
[2026-03-13 13:50:58] Completed step: Storage - processed tables
[2026-03-13 13:50:58] Starting step: Visualization
[2026-03-13 13:50:58] [plot:active_quotas] nrow = 14
[2026-03-13 13:50:58] [plot:active_quotas] columns = Year, ActiveQuotas, ExclusionRate
[2026-03-13 13:50:58] [plot:active_quotas] NA counts -> Year=0 | ActiveQuotas=0
[2026-03-13 13:50:59] [plot:exclusion_rate] nrow = 14
[2026-03-13 13:50:59] [plot:exclusion_rate] columns = Year, ActiveQuotas, ExclusionRate
[2026-03-13 13:50:59] [plot:exclusion_rate] NA counts -> Year=0 | ExclusionRate=6
[2026-03-13 13:51:00] Completed step: Visualization
[2026-03-13 13:51:00] Pipeline completed successfully.
[2026-03-13 13:51:39] Starting step: Setup directories
[2026-03-13 13:51:39] Completed step: Setup directories
[2026-03-13 13:51:39] Starting step: Ingestion - consorcio datasets
[2026-03-13 13:51:40] Downloading CKAN dataset from: https://api.bcb.gov.br/dados/serie/bcdata.sgs.27459/dados?formato=csv
[2026-03-13 13:51:40] Downloading CKAN dataset from: https://api.bcb.gov.br/dados/serie/bcdata.sgs.27487/dados?formato=csv
[2026-03-13 13:51:41] Downloading CKAN dataset from: https://api.bcb.gov.br/dados/serie/bcdata.sgs.27488/dados?formato=csv
[2026-03-13 13:51:41] Completed step: Ingestion - consorcio datasets
[2026-03-13 13:51:41] Starting step: Ingestion - credit (SGS monthly)
[2026-03-13 13:51:45] Completed step: Ingestion - credit (SGS monthly)
[2026-03-13 13:51:45] Starting step: Ingestion - SIDRA IPCA
[2026-03-13 13:51:46] Completed step: Ingestion - SIDRA IPCA
[2026-03-13 13:51:46] Starting step: Ingestion - manual panorama template
[2026-03-13 13:51:46] Completed step: Ingestion - manual panorama template
[2026-03-13 13:51:46] Starting step: Processing - consorcio
[2026-03-13 13:51:46] [active_quotas] Using value column: valor
[2026-03-13 13:51:46] [excluded_quotas] Using value column: valor
[2026-03-13 13:51:46] [exclusion_index] Using value column: valor
[2026-03-13 13:51:46] Completed step: Processing - consorcio
[2026-03-13 13:51:46] Starting step: Processing - credit (selic optional)
[2026-03-13 13:51:46] Completed step: Processing - credit (selic optional)
[2026-03-13 13:51:46] Starting step: Processing - IPCA
[2026-03-13 13:51:46] Completed step: Processing - IPCA
[2026-03-13 13:51:46] Starting step: Processing - manual panorama
[2026-03-13 13:51:46] Completed step: Processing - manual panorama
[2026-03-13 13:51:46] Starting step: Transformation - annual consorcio summary
[2026-03-13 13:51:46] [active_quotas] Rows after annual aggregation: 14
[2026-03-13 13:51:46] [active_quotas] Columns available: Year, ActiveQuotas
[2026-03-13 13:51:46] [active_quotas] NA count - Year: 0 | ActiveQuotas: 0
[2026-03-13 13:51:46] [exclusion_index] Rows after annual aggregation: 8
[2026-03-13 13:51:46] [exclusion_index] Columns available: Year, ExclusionRate
[2026-03-13 13:51:46] [exclusion_index] NA count - Year: 0 | ExclusionRate: 0
[2026-03-13 13:51:46] Completed step: Transformation - annual consorcio summary
[2026-03-13 13:51:46] Starting step: Transformation - monthly credit parameters
[2026-03-13 13:51:46] Completed step: Transformation - monthly credit parameters
[2026-03-13 13:51:46] Starting step: Transformation - macro parameters
[2026-03-13 13:51:46] Completed step: Transformation - macro parameters
[2026-03-13 13:51:46] Starting step: Simulation
[2026-03-13 13:51:46] Completed step: Simulation
[2026-03-13 13:51:46] Starting step: Storage - processed tables
[2026-03-13 13:51:47] Completed step: Storage - processed tables
[2026-03-13 13:51:47] Starting step: Visualization
[2026-03-13 13:51:47] [plot:active_quotas] nrow = 14
[2026-03-13 13:51:47] [plot:active_quotas] columns = Year, ActiveQuotas, ExclusionRate
[2026-03-13 13:51:47] [plot:active_quotas] NA counts -> Year=0 | ActiveQuotas=0
[2026-03-13 13:51:47] [plot:exclusion_rate] nrow = 14
[2026-03-13 13:51:47] [plot:exclusion_rate] columns = Year, ActiveQuotas, ExclusionRate
[2026-03-13 13:51:47] [plot:exclusion_rate] NA counts -> Year=0 | ExclusionRate=6
[2026-03-13 13:51:48] Completed step: Visualization
[2026-03-13 13:51:48] Pipeline completed successfully.
[2026-03-13 16:59:56] Starting step: Setup directories
[2026-03-13 16:59:56] Completed step: Setup directories
[2026-03-13 16:59:56] Starting step: Ingestion - consorcio datasets
[2026-03-13 16:59:57] Downloading CKAN dataset from: https://api.bcb.gov.br/dados/serie/bcdata.sgs.27459/dados?formato=csv
[2026-03-13 16:59:58] Downloading CKAN dataset from: https://api.bcb.gov.br/dados/serie/bcdata.sgs.27487/dados?formato=csv
[2026-03-13 16:59:59] Downloading CKAN dataset from: https://api.bcb.gov.br/dados/serie/bcdata.sgs.27488/dados?formato=csv
[2026-03-13 17:00:03] Starting step: Setup directories
[2026-03-13 17:00:03] Completed step: Setup directories
[2026-03-13 17:00:03] Starting step: Ingestion - consorcio datasets
[2026-03-13 17:00:05] Downloading CKAN dataset from: https://api.bcb.gov.br/dados/serie/bcdata.sgs.27459/dados?formato=csv
[2026-03-13 17:00:07] Downloading CKAN dataset from: https://api.bcb.gov.br/dados/serie/bcdata.sgs.27487/dados?formato=csv
[2026-03-13 17:00:09] Downloading CKAN dataset from: https://api.bcb.gov.br/dados/serie/bcdata.sgs.27488/dados?formato=csv
[2026-03-13 17:00:09] Completed step: Ingestion - consorcio datasets
[2026-03-13 17:00:09] Starting step: Ingestion - credit (SGS monthly)
[2026-03-13 17:00:24] Completed step: Ingestion - credit (SGS monthly)
[2026-03-13 17:00:24] Starting step: Ingestion - SIDRA IPCA
[2026-03-13 17:00:26] Completed step: Ingestion - SIDRA IPCA
[2026-03-13 17:00:26] Starting step: Ingestion - manual panorama template
[2026-03-13 17:00:26] Completed step: Ingestion - manual panorama template
[2026-03-13 17:00:26] Starting step: Processing - consorcio
[2026-03-13 17:00:26] [active_quotas] Using value column: valor
[2026-03-13 17:00:26] [excluded_quotas] Using value column: valor
[2026-03-13 17:00:26] [exclusion_index] Using value column: valor
[2026-03-13 17:00:26] Completed step: Processing - consorcio
[2026-03-13 17:00:26] Starting step: Processing - credit (selic optional)
[2026-03-13 17:00:26] Completed step: Processing - credit (selic optional)
[2026-03-13 17:00:26] Starting step: Processing - IPCA
[2026-03-13 17:00:26] Completed step: Processing - IPCA
[2026-03-13 17:00:26] Starting step: Processing - manual panorama
[2026-03-13 17:00:27] Completed step: Processing - manual panorama
[2026-03-13 17:00:27] Starting step: Transformation - annual consorcio summary
[2026-03-13 17:00:27] [active_quotas] Rows after annual aggregation: 14
[2026-03-13 17:00:27] [active_quotas] Columns available: Year, ActiveQuotas
[2026-03-13 17:00:27] [active_quotas] NA count - Year: 0 | ActiveQuotas: 0
[2026-03-13 17:00:27] [exclusion_index] Rows after annual aggregation: 8
[2026-03-13 17:00:27] [exclusion_index] Columns available: Year, ExclusionRate
[2026-03-13 17:00:27] [exclusion_index] NA count - Year: 0 | ExclusionRate: 0
[2026-03-13 17:00:27] Completed step: Transformation - annual consorcio summary
[2026-03-13 17:00:27] Starting step: Transformation - monthly credit parameters
[2026-03-13 17:00:27] Completed step: Transformation - monthly credit parameters
[2026-03-13 17:00:27] Starting step: Transformation - macro parameters
[2026-03-13 17:00:27] Completed step: Transformation - macro parameters
[2026-03-13 17:00:27] Starting step: Simulation
[2026-03-13 17:00:27] Completed step: Simulation
[2026-03-13 17:00:27] Starting step: Storage - processed tables
[2026-03-13 17:00:27] Completed step: Storage - processed tables
[2026-03-13 17:00:27] Starting step: Visualization
[2026-03-13 17:00:27] [plot:active_quotas] nrow = 14
[2026-03-13 17:00:27] [plot:active_quotas] columns = Year, ActiveQuotas, ExclusionRate
[2026-03-13 17:00:27] [plot:active_quotas] NA counts -> Year=0 | ActiveQuotas=0
[2026-03-13 17:00:28] [plot:exclusion_rate] nrow = 14
[2026-03-13 17:00:28] [plot:exclusion_rate] columns = Year, ActiveQuotas, ExclusionRate
[2026-03-13 17:00:28] [plot:exclusion_rate] NA counts -> Year=0 | ExclusionRate=6
[2026-03-13 17:00:28] Completed step: Visualization
[2026-03-13 17:00:28] Pipeline completed successfully.
[2026-03-20 14:54:12] Starting step: Setup directories
[2026-03-20 14:54:12] Completed step: Setup directories
[2026-03-20 14:54:12] Starting step: Ingestion - consorcio datasets
[2026-03-20 14:54:12] Downloading CKAN dataset from: https://api.bcb.gov.br/dados/serie/bcdata.sgs.27459/dados?formato=csv
[2026-03-20 14:54:13] Downloading CKAN dataset from: https://api.bcb.gov.br/dados/serie/bcdata.sgs.27487/dados?formato=csv
[2026-03-20 14:54:14] Downloading CKAN dataset from: https://api.bcb.gov.br/dados/serie/bcdata.sgs.27488/dados?formato=csv
[2026-03-20 14:54:14] Completed step: Ingestion - consorcio datasets
[2026-03-20 14:54:14] Starting step: Ingestion - credit (SGS monthly)
[2026-03-20 14:54:17] Completed step: Ingestion - credit (SGS monthly)
[2026-03-20 14:54:17] Starting step: Ingestion - SIDRA IPCA
[2026-03-20 14:54:18] Completed step: Ingestion - SIDRA IPCA
[2026-03-20 14:54:18] Starting step: Ingestion - manual panorama template
[2026-03-20 14:54:18] Completed step: Ingestion - manual panorama template
[2026-03-20 14:54:18] Starting step: Processing - consorcio
[2026-03-20 14:54:19] [active_quotas] Using value column: valor
[2026-03-20 14:54:19] [excluded_quotas] Using value column: valor
[2026-03-20 14:54:19] [exclusion_index] Using value column: valor
[2026-03-20 14:54:19] Completed step: Processing - consorcio
[2026-03-20 14:54:19] Starting step: Processing - credit (selic optional)
[2026-03-20 14:54:19] Completed step: Processing - credit (selic optional)
[2026-03-20 14:54:19] Starting step: Processing - IPCA
[2026-03-20 14:54:19] Completed step: Processing - IPCA
[2026-03-20 14:54:19] Starting step: Processing - manual panorama
[2026-03-20 14:54:19] Completed step: Processing - manual panorama
[2026-03-20 14:54:19] Starting step: Transformation - annual consorcio summary
[2026-03-20 14:54:19] [active_quotas] Rows after annual aggregation: 14
[2026-03-20 14:54:19] [active_quotas] Columns available: Year, ActiveQuotas
[2026-03-20 14:54:19] [active_quotas] NA count - Year: 0 | ActiveQuotas: 0
[2026-03-20 14:54:19] [exclusion_index] Rows after annual aggregation: 8
[2026-03-20 14:54:19] [exclusion_index] Columns available: Year, ExclusionRate
[2026-03-20 14:54:19] [exclusion_index] NA count - Year: 0 | ExclusionRate: 0
[2026-03-20 14:54:19] Completed step: Transformation - annual consorcio summary
[2026-03-20 14:54:19] Starting step: Transformation - monthly credit parameters
[2026-03-20 14:54:19] Completed step: Transformation - monthly credit parameters
[2026-03-20 14:54:19] Starting step: Transformation - macro parameters
[2026-03-20 14:54:19] Completed step: Transformation - macro parameters
[2026-03-20 14:54:19] Starting step: Simulation
[2026-03-20 14:54:19] Completed step: Simulation
[2026-03-20 14:54:19] Starting step: Storage - processed tables
[2026-03-20 14:54:19] Completed step: Storage - processed tables
[2026-03-20 14:54:19] Starting step: Visualization
[2026-03-20 14:54:19] [plot:active_quotas] nrow = 14
[2026-03-20 14:54:19] [plot:active_quotas] columns = Year, ActiveQuotas, ExclusionRate
[2026-03-20 14:54:19] [plot:active_quotas] NA counts -> Year=0 | ActiveQuotas=0
[2026-03-20 14:54:20] [plot:exclusion_rate] nrow = 14
[2026-03-20 14:54:20] [plot:exclusion_rate] columns = Year, ActiveQuotas, ExclusionRate
[2026-03-20 14:54:20] [plot:exclusion_rate] NA counts -> Year=0 | ExclusionRate=6
[2026-03-20 14:54:20] Completed step: Visualization
[2026-03-20 14:54:20] Pipeline completed successfully.
[2026-03-20 15:58:06] Starting step: Setup directories
[2026-03-20 15:58:06] Completed step: Setup directories
[2026-03-20 15:58:06] Starting step: Ingestion - consorcio datasets
[2026-03-20 15:58:06] Downloading CKAN dataset from: https://api.bcb.gov.br/dados/serie/bcdata.sgs.27459/dados?formato=csv
[2026-03-20 15:58:07] Downloading CKAN dataset from: https://api.bcb.gov.br/dados/serie/bcdata.sgs.27487/dados?formato=csv
[2026-03-20 15:58:08] Downloading CKAN dataset from: https://api.bcb.gov.br/dados/serie/bcdata.sgs.27488/dados?formato=csv
[2026-03-20 15:58:08] Completed step: Ingestion - consorcio datasets
[2026-03-20 15:58:08] Starting step: Ingestion - credit (SGS monthly)
[2026-03-20 15:58:11] Completed step: Ingestion - credit (SGS monthly)
[2026-03-20 15:58:11] Starting step: Ingestion - SIDRA IPCA
[2026-03-20 15:58:13] Completed step: Ingestion - SIDRA IPCA
[2026-03-20 15:58:13] Starting step: Ingestion - manual panorama template
[2026-03-20 15:58:13] Completed step: Ingestion - manual panorama template
[2026-03-20 15:58:13] Starting step: Processing - consorcio
[2026-03-20 15:58:13] [active_quotas] Using value column: valor
[2026-03-20 15:58:13] [excluded_quotas] Using value column: valor
[2026-03-20 15:58:13] [exclusion_index] Using value column: valor
[2026-03-20 15:58:13] Completed step: Processing - consorcio
[2026-03-20 15:58:13] Starting step: Processing - credit (selic optional)
[2026-03-20 15:58:13] Completed step: Processing - credit (selic optional)
[2026-03-20 15:58:13] Starting step: Processing - IPCA
[2026-03-20 15:58:13] Completed step: Processing - IPCA
[2026-03-20 15:58:13] Starting step: Processing - manual panorama
[2026-03-20 15:58:13] Completed step: Processing - manual panorama
[2026-03-20 15:58:13] Starting step: Transformation - annual consorcio summary
[2026-03-20 15:58:13] [active_quotas] Rows after annual aggregation: 14
[2026-03-20 15:58:13] [active_quotas] Columns available: Year, ActiveQuotas
[2026-03-20 15:58:13] [active_quotas] NA count - Year: 0 | ActiveQuotas: 0
[2026-03-20 15:58:13] [exclusion_index] Rows after annual aggregation: 8
[2026-03-20 15:58:13] [exclusion_index] Columns available: Year, ExclusionRate
[2026-03-20 15:58:13] [exclusion_index] NA count - Year: 0 | ExclusionRate: 0
[2026-03-20 15:58:13] Completed step: Transformation - annual consorcio summary
[2026-03-20 15:58:13] Starting step: Transformation - monthly credit parameters
[2026-03-20 15:58:13] Completed step: Transformation - monthly credit parameters
[2026-03-20 15:58:13] Starting step: Transformation - macro parameters
[2026-03-20 15:58:13] Completed step: Transformation - macro parameters
[2026-03-20 15:58:13] Selic data unavailable; using fallback discount rate 11.75%
[2026-03-20 15:58:13] Starting step: Simulation
[2026-03-20 15:58:13] Completed step: Simulation
[2026-03-20 15:58:13] Starting step: Storage - processed tables
[2026-03-20 15:58:13] Completed step: Storage - processed tables
[2026-03-20 15:58:13] Starting step: Visualization
[2026-03-20 15:58:13] [plot:active_quotas] nrow = 16
[2026-03-20 15:58:13] [plot:active_quotas] columns = Year, ActiveQuotas, ExclusionRate
[2026-03-20 15:58:13] [plot:active_quotas] NA counts -> Year=0 | ActiveQuotas=0
[2026-03-20 15:58:14] [plot:exclusion_rate] nrow = 16
[2026-03-20 15:58:14] [plot:exclusion_rate] columns = Year, ActiveQuotas, ExclusionRate
[2026-03-20 15:58:14] [plot:exclusion_rate] NA counts -> Year=0 | ExclusionRate=6
[2026-03-20 15:58:15] Completed step: Visualization
[2026-03-20 15:58:15] Pipeline completed successfully.
[2026-03-20 16:28:15] Starting step: Setup directories
[2026-03-20 16:28:15] Completed step: Setup directories
[2026-03-20 16:28:15] Starting step: Ingestion - consorcio datasets
[2026-03-20 16:28:16] Downloading CKAN dataset from: https://api.bcb.gov.br/dados/serie/bcdata.sgs.27459/dados?formato=csv
[2026-03-20 16:28:17] Downloading CKAN dataset from: https://api.bcb.gov.br/dados/serie/bcdata.sgs.27487/dados?formato=csv
[2026-03-20 16:28:17] Downloading CKAN dataset from: https://api.bcb.gov.br/dados/serie/bcdata.sgs.27488/dados?formato=csv
[2026-03-20 16:28:18] Completed step: Ingestion - consorcio datasets
[2026-03-20 16:28:18] Starting step: Ingestion - credit (SGS monthly)
[2026-03-20 16:28:20] Completed step: Ingestion - credit (SGS monthly)
[2026-03-20 16:28:20] Starting step: Ingestion - SIDRA IPCA
[2026-03-20 16:28:22] Completed step: Ingestion - SIDRA IPCA
[2026-03-20 16:28:22] Starting step: Ingestion - manual panorama template
[2026-03-20 16:28:22] Completed step: Ingestion - manual panorama template
[2026-03-20 16:28:22] Starting step: Processing - consorcio
[2026-03-20 16:28:22] [active_quotas] Using value column: valor
[2026-03-20 16:28:22] [excluded_quotas] Using value column: valor
[2026-03-20 16:28:22] [exclusion_index] Using value column: valor
[2026-03-20 16:28:22] Completed step: Processing - consorcio
[2026-03-20 16:28:22] Starting step: Processing - credit (selic optional)
[2026-03-20 16:28:22] Completed step: Processing - credit (selic optional)
[2026-03-20 16:28:22] Starting step: Processing - IPCA
[2026-03-20 16:28:22] Completed step: Processing - IPCA
[2026-03-20 16:28:22] Starting step: Processing - manual panorama
[2026-03-20 16:28:22] Completed step: Processing - manual panorama
[2026-03-20 16:28:22] Starting step: Transformation - annual consorcio summary
[2026-03-20 16:28:22] [active_quotas] Rows after annual aggregation: 14
[2026-03-20 16:28:22] [active_quotas] Columns available: Year, ActiveQuotas
[2026-03-20 16:28:22] [active_quotas] NA count - Year: 0 | ActiveQuotas: 0
[2026-03-20 16:28:22] [exclusion_index] Rows after annual aggregation: 8
[2026-03-20 16:28:22] [exclusion_index] Columns available: Year, ExclusionRate
[2026-03-20 16:28:22] [exclusion_index] NA count - Year: 0 | ExclusionRate: 0
[2026-03-20 16:28:22] Completed step: Transformation - annual consorcio summary
[2026-03-20 16:28:22] Starting step: Transformation - monthly credit parameters
[2026-03-20 16:28:22] Completed step: Transformation - monthly credit parameters
[2026-03-20 16:28:22] Starting step: Transformation - macro parameters
[2026-03-20 16:28:22] Completed step: Transformation - macro parameters
[2026-03-20 16:28:22] Selic data unavailable; using fallback discount rate 11.75%
[2026-03-20 16:28:22] Starting step: Simulation
[2026-03-20 16:28:22] Completed step: Simulation
[2026-03-20 16:28:22] Starting step: Storage - processed tables
[2026-03-20 16:28:23] Completed step: Storage - processed tables
[2026-03-20 16:28:23] Starting step: Visualization
[2026-03-20 16:28:23] [plot:active_quotas] nrow = 16
[2026-03-20 16:28:23] [plot:active_quotas] columns = Year, ActiveQuotas, ExclusionRate
[2026-03-20 16:28:23] [plot:active_quotas] NA counts -> Year=0 | ActiveQuotas=0
[2026-03-20 16:28:23] [plot:exclusion_rate] nrow = 16
[2026-03-20 16:28:23] [plot:exclusion_rate] columns = Year, ActiveQuotas, ExclusionRate
[2026-03-20 16:28:23] [plot:exclusion_rate] NA counts -> Year=0 | ExclusionRate=6
[2026-03-20 16:28:24] Completed step: Visualization
[2026-03-20 16:28:24] Pipeline completed successfully.
[2026-03-20 16:31:33] Starting step: Setup directories
[2026-03-20 16:31:33] Completed step: Setup directories
[2026-03-20 16:31:33] Starting step: Ingestion - consorcio datasets
[2026-03-20 16:31:33] Downloading CKAN dataset from: https://api.bcb.gov.br/dados/serie/bcdata.sgs.27459/dados?formato=csv
[2026-03-20 16:31:34] Downloading CKAN dataset from: https://api.bcb.gov.br/dados/serie/bcdata.sgs.27487/dados?formato=csv
[2026-03-20 16:31:35] Downloading CKAN dataset from: https://api.bcb.gov.br/dados/serie/bcdata.sgs.27488/dados?formato=csv
[2026-03-20 16:31:35] Completed step: Ingestion - consorcio datasets
[2026-03-20 16:31:35] Starting step: Ingestion - credit (SGS monthly)
[2026-03-20 16:31:38] Completed step: Ingestion - credit (SGS monthly)
[2026-03-20 16:31:38] Starting step: Ingestion - SIDRA IPCA
[2026-03-20 16:31:39] Completed step: Ingestion - SIDRA IPCA
[2026-03-20 16:31:39] Starting step: Ingestion - manual panorama template
[2026-03-20 16:31:39] Completed step: Ingestion - manual panorama template
[2026-03-20 16:31:39] Starting step: Processing - consorcio
[2026-03-20 16:31:40] [active_quotas] Using value column: valor
[2026-03-20 16:31:40] [excluded_quotas] Using value column: valor
[2026-03-20 16:31:40] [exclusion_index] Using value column: valor
[2026-03-20 16:31:40] Completed step: Processing - consorcio
[2026-03-20 16:31:40] Starting step: Processing - credit (selic optional)
[2026-03-20 16:31:40] Completed step: Processing - credit (selic optional)
[2026-03-20 16:31:40] Starting step: Processing - IPCA
[2026-03-20 16:31:40] Completed step: Processing - IPCA
[2026-03-20 16:31:40] Starting step: Processing - manual panorama
[2026-03-20 16:31:40] Completed step: Processing - manual panorama
[2026-03-20 16:31:40] Starting step: Transformation - annual consorcio summary
[2026-03-20 16:31:40] [active_quotas] Rows after annual aggregation: 14
[2026-03-20 16:31:40] [active_quotas] Columns available: Year, ActiveQuotas
[2026-03-20 16:31:40] [active_quotas] NA count - Year: 0 | ActiveQuotas: 0
[2026-03-20 16:31:40] [exclusion_index] Rows after annual aggregation: 8
[2026-03-20 16:31:40] [exclusion_index] Columns available: Year, ExclusionRate
[2026-03-20 16:31:40] [exclusion_index] NA count - Year: 0 | ExclusionRate: 0
[2026-03-20 16:31:40] Completed step: Transformation - annual consorcio summary
[2026-03-20 16:31:40] Starting step: Transformation - monthly credit parameters
[2026-03-20 16:31:40] Completed step: Transformation - monthly credit parameters
[2026-03-20 16:31:40] Starting step: Transformation - macro parameters
[2026-03-20 16:31:40] Completed step: Transformation - macro parameters
[2026-03-20 16:31:40] Selic data unavailable; using fallback discount rate 11.75%
[2026-03-20 16:31:40] Starting step: Simulation
[2026-03-20 16:31:40] Completed step: Simulation
[2026-03-20 16:31:40] Starting step: Storage - processed tables
[2026-03-20 16:31:40] Completed step: Storage - processed tables
[2026-03-20 16:31:40] Starting step: Visualization
[2026-03-20 16:31:40] [plot:active_quotas] nrow = 16
[2026-03-20 16:31:40] [plot:active_quotas] columns = Year, ActiveQuotas, ExclusionRate
[2026-03-20 16:31:40] [plot:active_quotas] NA counts -> Year=0 | ActiveQuotas=0
[2026-03-20 16:31:40] [plot:exclusion_rate] nrow = 16
[2026-03-20 16:31:40] [plot:exclusion_rate] columns = Year, ActiveQuotas, ExclusionRate
[2026-03-20 16:31:40] [plot:exclusion_rate] NA counts -> Year=0 | ExclusionRate=6
[2026-03-20 16:31:41] Completed step: Visualization
[2026-03-20 16:31:41] Pipeline completed successfully.
